[2024-05-02 07:53:03,603][__main__][INFO] - dataset:
  sh_degree: 3
  source_path: /home/gaussian-grouping/data/lerf_mask/teatime
  model_path: output/lerf_mask/teatime
  language_features_name: language_features_dim3
  images: images
  resolution: -1
  white_background: false
  feature_level: -1
  data_device: cuda
  eval: false
  object_path: object_mask
  num_classes: 256
  n_views: 100
  random_init: false
  train_split: false
pipe:
  convert_SHs_python: false
  compute_cov3D_python: false
  debug: true
opt:
  iterations: 30000
  position_lr_init: 0.00016
  position_lr_final: 1.6e-06
  position_lr_delay_mult: 0.01
  position_lr_max_steps: 30000
  feature_lr: 0.0025
  opacity_lr: 0.05
  scaling_lr: 0.005
  language_feature_lr: 0.0025
  include_feature: false
  rotation_lr: 0.001
  percent_dense: 0.01
  lambda_dssim: 0.2
  densification_interval: 100
  opacity_reset_interval: 3000
  densify_from_iter: 500
  densify_until_iter: 15000
  densify_grad_threshold: 0.0002
  reg3d_interval: 2
  reg3d_k: 5
  reg3d_lambda_val: 2
  reg3d_max_points: 300000
  reg3d_sample_size: 1000
ip: 127.0.0.1
port: 6011
debug_from: -1
detect_anomaly: false
test_iterations:
- 7000
- 30000
save_iterations:
- 7000
- 30000
quiet: false
checkpoint_iterations:
- 7000
- 30000
start_checkpoint: false

[2024-05-02 07:53:20,012][__main__][INFO] - dataset:
  sh_degree: 3
  source_path: /home/gaussian-grouping/data/lerf_mask/teatime
  model_path: output/lerf_mask/teatime
  language_features_name: language_features_dim3
  images: images
  resolution: -1
  white_background: false
  feature_level: -1
  data_device: cuda
  eval: false
  object_path: object_mask
  num_classes: 256
  n_views: 100
  random_init: false
  train_split: false
pipe:
  convert_SHs_python: false
  compute_cov3D_python: false
  debug: true
opt:
  iterations: 30000
  position_lr_init: 0.00016
  position_lr_final: 1.6e-06
  position_lr_delay_mult: 0.01
  position_lr_max_steps: 30000
  feature_lr: 0.0025
  opacity_lr: 0.05
  scaling_lr: 0.005
  language_feature_lr: 0.0025
  include_feature: false
  rotation_lr: 0.001
  percent_dense: 0.01
  lambda_dssim: 0.2
  densification_interval: 100
  opacity_reset_interval: 3000
  densify_from_iter: 500
  densify_until_iter: 15000
  densify_grad_threshold: 0.0002
  reg3d_interval: 2
  reg3d_k: 5
  reg3d_lambda_val: 2
  reg3d_max_points: 300000
  reg3d_sample_size: 1000
ip: 127.0.0.1
port: 6013
debug_from: -1
detect_anomaly: false
test_iterations:
- 7000
- 30000
save_iterations:
- 7000
- 30000
quiet: false
checkpoint_iterations:
- 7000
- 30000
start_checkpoint: false

[2024-05-03 08:21:30,825][__main__][INFO] - dataset:
  sh_degree: 3
  source_path: /home/gaussian-grouping/data/lerf_mask/ramen
  model_path: /home/lang-grouping/output/lerf_mask/ramen
  language_features_name: language_features_dim3
  images: images
  resolution: -1
  white_background: false
  feature_level: 1
  data_device: cuda
  eval: false
  object_path: object_mask
  num_classes: 256
  n_views: 100
  random_init: false
  train_split: false
pipe:
  convert_SHs_python: false
  compute_cov3D_python: false
  debug: false
opt:
  iterations: 30000
  position_lr_init: 0.00016
  position_lr_final: 1.6e-06
  position_lr_delay_mult: 0.01
  position_lr_max_steps: 30000
  feature_lr: 0.0025
  opacity_lr: 0.05
  scaling_lr: 0.005
  language_feature_lr: 0.0025
  object_lr: 0.0005
  include_lang_feature: false
  rotation_lr: 0.001
  percent_dense: 0.01
  lambda_dssim: 0.2
  densification_interval: 100
  opacity_reset_interval: 3000
  densify_from_iter: 500
  densify_until_iter: 15000
  densify_grad_threshold: 0.0002
  reg3d_interval: 2
  reg3d_k: 5
  reg3d_lambda_val: 2
  reg3d_max_points: 300000
  reg3d_sample_size: 1000
ip: 127.0.0.1
port: 6011
debug_from: -1
detect_anomaly: false
test_iterations:
- 7000
- 30000
save_iterations:
- 7000
- 30000
quiet: false
checkpoint_iterations:
- 7000
- 30000
start_checkpoint: false

